
Log Entry : 11:28:09 AM Sunday, April 30, 2017
  :
  :game started
-------------------------------

Log Entry : 11:28:09 AM Sunday, April 30, 2017
  :
  :game started
-------------------------------

Log Entry : 11:28:50 AM Sunday, April 30, 2017
  :
  :game started
-------------------------------

Log Entry : 11:28:50 AM Sunday, April 30, 2017
  :
  :game started
-------------------------------

Log Entry : 12:45:57 PM Sunday, April 30, 2017
  :
  :game started
-------------------------------

Log Entry : 12:45:57 PM Sunday, April 30, 2017
  :
  :game started
-------------------------------

Log Entry : 12:48:14 PM Sunday, April 30, 2017
  :
  :game started
-------------------------------

Log Entry : 12:48:14 PM Sunday, April 30, 2017
  :
  :game started
-------------------------------

Log Entry : 12:48:20 PM Sunday, April 30, 2017
  :
  :game started
-------------------------------

Log Entry : 12:48:20 PM Sunday, April 30, 2017
  :
  :game started
-------------------------------

Log Entry : 12:48:20 PM Sunday, April 30, 2017
  :
  :game started
-------------------------------

Log Entry : 12:48:20 PM Sunday, April 30, 2017
  :
  :game started
-------------------------------

Log Entry : 12:48:20 PM Sunday, April 30, 2017
  :
  :game started
-------------------------------

Log Entry : 12:48:21 PM Sunday, April 30, 2017
  :
  :game started
-------------------------------

Log Entry : 12:48:21 PM Sunday, April 30, 2017
  :
  :game started
-------------------------------

Log Entry : 12:48:21 PM Sunday, April 30, 2017
  :
  :game started
-------------------------------

Log Entry : 12:48:21 PM Sunday, April 30, 2017
  :
  :game started
-------------------------------

Log Entry : 12:48:21 PM Sunday, April 30, 2017
  :
  :game started
-------------------------------

Log Entry : 12:48:21 PM Sunday, April 30, 2017
  :
  :game started
-------------------------------

Log Entry : 12:48:21 PM Sunday, April 30, 2017
  :
  :game started
-------------------------------

Log Entry : 12:48:21 PM Sunday, April 30, 2017
  :
  :game started
-------------------------------

Log Entry : 12:48:21 PM Sunday, April 30, 2017
  :
  :game started
-------------------------------

Log Entry : 12:48:22 PM Sunday, April 30, 2017
  :
  :game started
-------------------------------

Log Entry : 12:48:22 PM Sunday, April 30, 2017
  :
  :game started
-------------------------------

Log Entry : 12:48:22 PM Sunday, April 30, 2017
  :
  :game started
-------------------------------

Log Entry : 12:52:57 PM Sunday, April 30, 2017
  :
  :game started
-------------------------------

Log Entry : 12:52:58 PM Sunday, April 30, 2017
  :
  :game started
-------------------------------

Log Entry : 12:52:58 PM Sunday, April 30, 2017
  :
  :game started
-------------------------------

Log Entry : 12:52:58 PM Sunday, April 30, 2017
  :
  :game started
-------------------------------

Log Entry : 12:52:58 PM Sunday, April 30, 2017
  :
  :game started
-------------------------------

Log Entry : 12:52:59 PM Sunday, April 30, 2017
  :
  :game started
-------------------------------

Log Entry : 12:52:59 PM Sunday, April 30, 2017
  :
  :game started
-------------------------------

Log Entry : 12:52:59 PM Sunday, April 30, 2017
  :
  :game started
-------------------------------

Log Entry : 12:52:59 PM Sunday, April 30, 2017
  :
  :game started
-------------------------------

Log Entry : 12:52:59 PM Sunday, April 30, 2017
  :
  :game started
-------------------------------

Log Entry : 12:52:59 PM Sunday, April 30, 2017
  :
  :game started
-------------------------------

Log Entry : 12:52:59 PM Sunday, April 30, 2017
  :
  :game started
-------------------------------

Log Entry : 12:52:59 PM Sunday, April 30, 2017
  :
  :game started
-------------------------------

Log Entry : 12:52:59 PM Sunday, April 30, 2017
  :
  :game started
-------------------------------

Log Entry : 12:52:59 PM Sunday, April 30, 2017
  :
  :game started
-------------------------------

Log Entry : 12:52:59 PM Sunday, April 30, 2017
  :
  :game started
-------------------------------

Log Entry : 12:52:59 PM Sunday, April 30, 2017
  :
  :game started
-------------------------------

Log Entry : 1:07:24 PM Sunday, April 30, 2017
  :
  :game started
-------------------------------

Log Entry : 1:14:42 PM Sunday, April 30, 2017
  :
  :game started
-------------------------------

Log Entry : 1:15:01 PM Sunday, April 30, 2017
  :
  :game started
-------------------------------

Log Entry : 1:15:28 PM Sunday, April 30, 2017
  :
  :game started
-------------------------------

Log Entry : 1:25:16 PM Sunday, April 30, 2017
  :
  :game started
-------------------------------

Log Entry : 1:25:16 PM Sunday, April 30, 2017
  :
  :game started
-------------------------------

Log Entry : 1:25:16 PM Sunday, April 30, 2017
  :
  :game started
-------------------------------

Log Entry : 1:25:16 PM Sunday, April 30, 2017
  :
  :game started
-------------------------------

Log Entry : 1:25:16 PM Sunday, April 30, 2017
  :
  :game started
-------------------------------

Log Entry : 1:25:16 PM Sunday, April 30, 2017
  :
  :game started
-------------------------------

Log Entry : 1:25:17 PM Sunday, April 30, 2017
  :
  :game started
-------------------------------

Log Entry : 1:25:17 PM Sunday, April 30, 2017
  :
  :game started
-------------------------------

Log Entry : 1:25:17 PM Sunday, April 30, 2017
  :
  :game started
-------------------------------

Log Entry : 1:25:17 PM Sunday, April 30, 2017
  :
  :game started
-------------------------------

Log Entry : 1:25:17 PM Sunday, April 30, 2017
  :
  :game started
-------------------------------

Log Entry : 1:25:17 PM Sunday, April 30, 2017
  :
  :game started
-------------------------------

Log Entry : 1:25:17 PM Sunday, April 30, 2017
  :
  :game started
-------------------------------

Log Entry : 1:25:17 PM Sunday, April 30, 2017
  :
  :game started
-------------------------------

Log Entry : 1:25:17 PM Sunday, April 30, 2017
  :
  :game started
-------------------------------

Log Entry : 1:25:17 PM Sunday, April 30, 2017
  :
  :game started
-------------------------------

Log Entry : 1:25:17 PM Sunday, April 30, 2017
  :
  :game started
-------------------------------

Log Entry : 1:25:17 PM Sunday, April 30, 2017
  :
  :game started
-------------------------------

Log Entry : 1:27:21 PM Sunday, April 30, 2017
  :
  :game started
-------------------------------

Log Entry : 1:30:44 PM Sunday, April 30, 2017
  :
  :game started
-------------------------------

Log Entry : 1:30:44 PM Sunday, April 30, 2017
  :
  :game started
-------------------------------

Log Entry : 1:30:44 PM Sunday, April 30, 2017
  :
  :game started
-------------------------------

Log Entry : 1:30:44 PM Sunday, April 30, 2017
  :
  :game started
-------------------------------

Log Entry : 1:30:44 PM Sunday, April 30, 2017
  :
  :game started
-------------------------------

Log Entry : 1:30:45 PM Sunday, April 30, 2017
  :
  :game started
-------------------------------

Log Entry : 1:30:46 PM Sunday, April 30, 2017
  :
  :game started
-------------------------------

Log Entry : 1:30:46 PM Sunday, April 30, 2017
  :
  :game started
-------------------------------

Log Entry : 1:30:46 PM Sunday, April 30, 2017
  :
  :game started
-------------------------------

Log Entry : 1:30:46 PM Sunday, April 30, 2017
  :
  :game started
-------------------------------

Log Entry : 1:30:46 PM Sunday, April 30, 2017
  :
  :game started
-------------------------------

Log Entry : 1:30:46 PM Sunday, April 30, 2017
  :
  :game started
-------------------------------

Log Entry : 1:30:46 PM Sunday, April 30, 2017
  :
  :game started
-------------------------------

Log Entry : 1:30:46 PM Sunday, April 30, 2017
  :
  :game started
-------------------------------

Log Entry : 1:30:46 PM Sunday, April 30, 2017
  :
  :game started
-------------------------------

Log Entry : 1:30:46 PM Sunday, April 30, 2017
  :
  :game started
-------------------------------

Log Entry : 1:30:46 PM Sunday, April 30, 2017
  :
  :game started
-------------------------------

Log Entry : 1:30:46 PM Sunday, April 30, 2017
  :
  :game started
-------------------------------

Log Entry : 1:31:26 PM Sunday, April 30, 2017
  :
  :game started
-------------------------------

Log Entry : 1:31:26 PM Sunday, April 30, 2017
  :
  :game started
-------------------------------

Log Entry : 1:31:26 PM Sunday, April 30, 2017
  :
  :game started
-------------------------------

Log Entry : 1:31:26 PM Sunday, April 30, 2017
  :
  :game started
-------------------------------

Log Entry : 1:31:26 PM Sunday, April 30, 2017
  :
  :game started
-------------------------------

Log Entry : 1:31:26 PM Sunday, April 30, 2017
  :
  :game started
-------------------------------

Log Entry : 1:31:27 PM Sunday, April 30, 2017
  :
  :game started
-------------------------------

Log Entry : 1:31:27 PM Sunday, April 30, 2017
  :
  :game started
-------------------------------

Log Entry : 1:31:27 PM Sunday, April 30, 2017
  :
  :game started
-------------------------------

Log Entry : 1:31:27 PM Sunday, April 30, 2017
  :
  :game started
-------------------------------

Log Entry : 1:31:27 PM Sunday, April 30, 2017
  :
  :game started
-------------------------------

Log Entry : 1:31:27 PM Sunday, April 30, 2017
  :
  :game started
-------------------------------

Log Entry : 1:31:27 PM Sunday, April 30, 2017
  :
  :game started
-------------------------------

Log Entry : 1:31:27 PM Sunday, April 30, 2017
  :
  :game started
-------------------------------

Log Entry : 1:31:27 PM Sunday, April 30, 2017
  :
  :game started
-------------------------------

Log Entry : 1:31:27 PM Sunday, April 30, 2017
  :
  :game started
-------------------------------

Log Entry : 1:31:27 PM Sunday, April 30, 2017
  :
  :game started
-------------------------------

Log Entry : 1:31:27 PM Sunday, April 30, 2017
  :
  :game started
-------------------------------

Log Entry : 1:39:54 PM Sunday, April 30, 2017
  :
  :game started
-------------------------------

Log Entry : 1:39:54 PM Sunday, April 30, 2017
  :
  :game started
-------------------------------

Log Entry : 1:39:54 PM Sunday, April 30, 2017
  :
  :game started
-------------------------------

Log Entry : 1:39:54 PM Sunday, April 30, 2017
  :
  :game started
-------------------------------

Log Entry : 1:39:54 PM Sunday, April 30, 2017
  :
  :game started
-------------------------------

Log Entry : 1:39:54 PM Sunday, April 30, 2017
  :
  :game started
-------------------------------

Log Entry : 1:39:55 PM Sunday, April 30, 2017
  :
  :game started
-------------------------------

Log Entry : 1:39:55 PM Sunday, April 30, 2017
  :
  :game started
-------------------------------

Log Entry : 1:39:55 PM Sunday, April 30, 2017
  :
  :game started
-------------------------------

Log Entry : 1:39:55 PM Sunday, April 30, 2017
  :
  :game started
-------------------------------

Log Entry : 1:39:55 PM Sunday, April 30, 2017
  :
  :game started
-------------------------------

Log Entry : 1:39:55 PM Sunday, April 30, 2017
  :
  :game started
-------------------------------

Log Entry : 1:39:55 PM Sunday, April 30, 2017
  :
  :game started
-------------------------------

Log Entry : 1:39:55 PM Sunday, April 30, 2017
  :
  :game started
-------------------------------

Log Entry : 1:39:55 PM Sunday, April 30, 2017
  :
  :game started
-------------------------------

Log Entry : 1:39:55 PM Sunday, April 30, 2017
  :
  :game started
-------------------------------

Log Entry : 1:39:55 PM Sunday, April 30, 2017
  :
  :game started
-------------------------------

Log Entry : 1:39:55 PM Sunday, April 30, 2017
  :
  :game started
-------------------------------

Log Entry : 1:40:30 PM Sunday, April 30, 2017
  :
  :game started
-------------------------------

Log Entry : 1:40:30 PM Sunday, April 30, 2017
  :
  :game started
-------------------------------

Log Entry : 1:40:30 PM Sunday, April 30, 2017
  :
  :game started
-------------------------------

Log Entry : 1:40:30 PM Sunday, April 30, 2017
  :
  :game started
-------------------------------

Log Entry : 1:40:30 PM Sunday, April 30, 2017
  :
  :game started
-------------------------------

Log Entry : 1:40:30 PM Sunday, April 30, 2017
  :
  :game started
-------------------------------

Log Entry : 1:40:31 PM Sunday, April 30, 2017
  :
  :game started
-------------------------------

Log Entry : 1:40:31 PM Sunday, April 30, 2017
  :
  :game started
-------------------------------

Log Entry : 1:40:31 PM Sunday, April 30, 2017
  :
  :game started
-------------------------------

Log Entry : 1:40:32 PM Sunday, April 30, 2017
  :
  :game started
-------------------------------

Log Entry : 1:40:32 PM Sunday, April 30, 2017
  :
  :game started
-------------------------------

Log Entry : 1:40:32 PM Sunday, April 30, 2017
  :
  :game started
-------------------------------

Log Entry : 1:40:32 PM Sunday, April 30, 2017
  :
  :game started
-------------------------------

Log Entry : 1:40:32 PM Sunday, April 30, 2017
  :
  :game started
-------------------------------

Log Entry : 1:40:32 PM Sunday, April 30, 2017
  :
  :game started
-------------------------------

Log Entry : 1:40:32 PM Sunday, April 30, 2017
  :
  :game started
-------------------------------

Log Entry : 1:40:32 PM Sunday, April 30, 2017
  :
  :game started
-------------------------------

Log Entry : 1:40:32 PM Sunday, April 30, 2017
  :
  :game started
-------------------------------

Log Entry : 1:42:01 PM Sunday, April 30, 2017
  :
  :game started
-------------------------------

Log Entry : 1:42:01 PM Sunday, April 30, 2017
  :
  :game started
-------------------------------

Log Entry : 1:42:01 PM Sunday, April 30, 2017
  :
  :game started
-------------------------------

Log Entry : 1:42:01 PM Sunday, April 30, 2017
  :
  :game started
-------------------------------

Log Entry : 1:42:01 PM Sunday, April 30, 2017
  :
  :game started
-------------------------------

Log Entry : 1:42:02 PM Sunday, April 30, 2017
  :
  :game started
-------------------------------

Log Entry : 1:42:08 PM Sunday, April 30, 2017
  :
  :game started
-------------------------------

Log Entry : 1:42:09 PM Sunday, April 30, 2017
  :
  :game started
-------------------------------

Log Entry : 1:42:09 PM Sunday, April 30, 2017
  :
  :game started
-------------------------------

Log Entry : 1:42:10 PM Sunday, April 30, 2017
  :
  :game started
-------------------------------

Log Entry : 1:42:10 PM Sunday, April 30, 2017
  :
  :game started
-------------------------------

Log Entry : 1:42:10 PM Sunday, April 30, 2017
  :
  :game started
-------------------------------

Log Entry : 1:42:10 PM Sunday, April 30, 2017
  :
  :game started
-------------------------------

Log Entry : 1:42:11 PM Sunday, April 30, 2017
  :
  :game started
-------------------------------

Log Entry : 1:42:11 PM Sunday, April 30, 2017
  :
  :game started
-------------------------------

Log Entry : 1:42:11 PM Sunday, April 30, 2017
  :
  :game started
-------------------------------

Log Entry : 1:42:11 PM Sunday, April 30, 2017
  :
  :game started
-------------------------------

Log Entry : 1:42:11 PM Sunday, April 30, 2017
  :
  :game started
-------------------------------
